<?xml version="1.0" encoding="UTF-8" ?>
<testsuite errors="0" failures="1" name="edu.wustl.dao.test.DAOTestSuite" tests="14" time="6.001">
  <properties>
    <property name="java.vendor" value="Sun Microsystems Inc." />
    <property name="lib.dir" value="lib" />
    <property name="ant.file.DAOJunits" value="F:\catissueWorkspace\DAOsac\daojunits\daojunit.xml" />
    <property name="eclipse.pdebuild.templates" value="/F:/washuEclipse/eclipse/eclipse/plugins/org.eclipse.pde.build_3.4.0.v20080604/templates/" />
    <property name="sun.management.compiler" value="HotSpot Client Compiler" />
    <property name="os.name" value="Windows XP" />
    <property name="sun.boot.class.path" value="C:\Program Files\Java\jdk1.5.0_08\jre\lib\rt.jar;C:\Program Files\Java\jdk1.5.0_08\jre\lib\i18n.jar;C:\Program Files\Java\jdk1.5.0_08\jre\lib\sunrsasign.jar;C:\Program Files\Java\jdk1.5.0_08\jre\lib\jsse.jar;C:\Program Files\Java\jdk1.5.0_08\jre\lib\jce.jar;C:\Program Files\Java\jdk1.5.0_08\jre\lib\charsets.jar;C:\Program Files\Java\jdk1.5.0_08\jre\classes" />
    <property name="sun.desktop" value="windows" />
    <property name="java.vm.specification.vendor" value="Sun Microsystems Inc." />
    <property name="ant.home" value="E:\Ant\apache-ant-1.7.0" />
    <property name="java.runtime.version" value="1.5.0_08-b03" />
    <property name="user.name" value="kalpana_thakur" />
    <property name="test.classes.dir" value="./classes" />
    <property name="user.language" value="en" />
    <property name="base.path" value="F:\catissueWorkspace\DAOsac\daojunits" />
    <property name="sun.boot.library.path" value="C:\Program Files\Java\jdk1.5.0_08\jre\bin" />
    <property name="ant.project.name" value="DAOJunits" />
    <property name="java.version" value="1.5.0_08" />
    <property name="user.timezone" value="" />
    <property name="sun.arch.data.model" value="32" />
    <property name="test.src.dir" value="./src" />
    <property name="java.endorsed.dirs" value="C:\Program Files\Java\jdk1.5.0_08\jre\lib\endorsed" />
    <property name="sun.cpu.isalist" value="" />
    <property name="sun.jnu.encoding" value="Cp1252" />
    <property name="file.encoding.pkg" value="sun.io" />
    <property name="file.separator" value="\" />
    <property name="java.specification.name" value="Java Platform API Specification" />
    <property name="java.class.version" value="49.0" />
    <property name="user.country" value="US" />
    <property name="java.home" value="C:\Program Files\Java\jdk1.5.0_08\jre" />
    <property name="java.vm.info" value="mixed mode, sharing" />
    <property name="ant.file" value="F:\catissueWorkspace\DAOsac\daojunits\daojunit.xml" />
    <property name="os.version" value="5.1" />
    <property name="path.separator" value=";" />
    <property name="java.vm.version" value="1.5.0_08-b03" />
    <property name="test.instrumented.dir" value="./instrument" />
    <property name="report.dir" value="." />
    <property name="user.variant" value="" />
    <property name="ant.library.dir" value="E:\Ant\apache-ant-1.7.0\lib" />
    <property name="java.awt.printerjob" value="sun.awt.windows.WPrinterJob" />
    <property name="sun.io.unicode.encoding" value="UnicodeLittle" />
    <property name="awt.toolkit" value="sun.awt.windows.WToolkit" />
    <property name="eclipse.pdebuild.scripts" value="/F:/washuEclipse/eclipse/eclipse/plugins/org.eclipse.pde.build_3.4.0.v20080604/scripts/" />
    <property name="coverage.dir" value="." />
    <property name="user.home" value="C:\Documents and Settings\kalpana_thakur" />
    <property name="java.specification.vendor" value="Sun Microsystems Inc." />
    <property name="java.library.path" value="F:\washuEclipse\eclipse\eclipse;.;C:\WINDOWS\system32;C:\WINDOWS;E:\Ant\apache-ant-1.7.0\bin;C:\Program Files\Java\jdk1.6.0\bin;C:\Program Files\DeID\;C:\Program Files\TortoiseCVS;C:\Program Files\Java\jdk1.5.0_08\bin;;F:\oracle\ora92\bin;C:\WINDOWS\system32;C:\WINDOWS;D:\mysql server\bin;F:\washuEclipse\eclipse\eclipse\configuration\org.eclipse.osgi\bundles\99\1\.cp" />
    <property name="java.vendor.url" value="http://java.sun.com/" />
    <property name="java.vm.vendor" value="Sun Microsystems Inc." />
    <property name="java.runtime.name" value="Java(TM) 2 Runtime Environment, Standard Edition" />
    <property name="java.class.path" value="E:\Ant\apache-ant-1.7.0\lib\ant-antlr.jar;E:\Ant\apache-ant-1.7.0\lib\ant-apache-bcel.jar;E:\Ant\apache-ant-1.7.0\lib\ant-apache-bsf.jar;E:\Ant\apache-ant-1.7.0\lib\ant-apache-log4j.jar;E:\Ant\apache-ant-1.7.0\lib\ant-apache-oro.jar;E:\Ant\apache-ant-1.7.0\lib\ant-apache-regexp.jar;E:\Ant\apache-ant-1.7.0\lib\ant-apache-resolver.jar;E:\Ant\apache-ant-1.7.0\lib\ant-commons-logging.jar;E:\Ant\apache-ant-1.7.0\lib\ant-commons-net.jar;E:\Ant\apache-ant-1.7.0\lib\ant-jai.jar;E:\Ant\apache-ant-1.7.0\lib\ant-javamail.jar;E:\Ant\apache-ant-1.7.0\lib\ant-jdepend.jar;E:\Ant\apache-ant-1.7.0\lib\ant-jmf.jar;E:\Ant\apache-ant-1.7.0\lib\ant-jsch.jar;E:\Ant\apache-ant-1.7.0\lib\ant-junit.jar;E:\Ant\apache-ant-1.7.0\lib\ant-launcher.jar;E:\Ant\apache-ant-1.7.0\lib\ant-netrexx.jar;E:\Ant\apache-ant-1.7.0\lib\ant-nodeps.jar;E:\Ant\apache-ant-1.7.0\lib\ant-starteam.jar;E:\Ant\apache-ant-1.7.0\lib\ant-stylebook.jar;E:\Ant\apache-ant-1.7.0\lib\ant-swing.jar;E:\Ant\apache-ant-1.7.0\lib\ant-testutil.jar;E:\Ant\apache-ant-1.7.0\lib\ant-trax.jar;E:\Ant\apache-ant-1.7.0\lib\ant-weblogic.jar;E:\Ant\apache-ant-1.7.0\lib\ant.jar;E:\Ant\apache-ant-1.7.0\lib\junit.jar;E:\Ant\apache-ant-1.7.0\lib\xercesImpl.jar;E:\Ant\apache-ant-1.7.0\lib\xml-apis.jar;F:\washuEclipse\eclipse\eclipse\configuration\org.eclipse.osgi\bundles\159\1\.cp\lib\remoteAnt.jar;C:\Program Files\Java\jdk1.5.0_08\lib\tools.jar;F:\washuEclipse\eclipse\eclipse\plugins\org.eclipse.swt.win32.win32.x86_3.4.0.v3448f.jar" />
    <property name="ant.version" value="Apache Ant version 1.7.0 compiled on December 13 2006" />
    <property name="cobertura.location" value="." />
    <property name="java.vm.specification.name" value="Java Virtual Machine Specification" />
    <property name="java.vm.specification.version" value="1.0" />
    <property name="base.dir" value="." />
    <property name="sun.cpu.endian" value="little" />
    <property name="sun.os.patch.level" value="Service Pack 2" />
    <property name="eclipse.pdebuild.home" value="/F:/washuEclipse/eclipse/eclipse/plugins/org.eclipse.pde.build_3.4.0.v20080604/./" />
    <property name="java.io.tmpdir" value="C:\DOCUME~1\KALPAN~1\LOCALS~1\Temp\" />
    <property name="java.vendor.url.bug" value="http://java.sun.com/cgi-bin/bugreport.cgi" />
    <property name="os.arch" value="x86" />
    <property name="java.awt.graphicsenv" value="sun.awt.Win32GraphicsEnvironment" />
    <property name="java.ext.dirs" value="C:\Program Files\Java\jdk1.5.0_08\jre\lib\ext" />
    <property name="user.dir" value="F:\catissueWorkspace\DAOsac\daojunits" />
    <property name="proj.src" value="../src" />
    <property name="line.separator" value="
" />
    <property name="java.vm.name" value="Java HotSpot(TM) Client VM" />
    <property name="basedir" value="F:\catissueWorkspace\DAOsac\daojunits" />
    <property name="ant.java.version" value="1.5" />
    <property name="ant.core.lib" value="E:\Ant\apache-ant-1.7.0\lib\ant.jar" />
    <property name="file.encoding" value="Cp1252" />
    <property name="proj.classes" value="../classes" />
    <property name="java.specification.version" value="1.5" />
    <property name="cobertura.lib" value="coberturalib" />
  </properties>
  <testcase classname="edu.wustl.dao.test.HibernateTestCase" name="testCaseInsertObject" time="4.891" />
  <testcase classname="edu.wustl.dao.test.HibernateTestCase" name="testCaseUpdateObject" time="0.062" />
  <testcase classname="edu.wustl.dao.test.HibernateTestCase" name="testCaseRetriveAllObjects" time="0.438" />
  <testcase classname="edu.wustl.dao.test.HibernateTestCase" name="testCaseRetriveObject" time="0.015" />
  <testcase classname="edu.wustl.dao.test.HibernateTestCase" name="testCaseRetrieveObjectColumns" time="0.016" />
  <testcase classname="edu.wustl.dao.test.HibernateTestCase" name="testCaseRetrieveObjectAsPerID" time="0.047" />
  <testcase classname="edu.wustl.dao.test.HibernateTestCase" name="testCaseLoadCleanObject" time="0.0" />
  <testcase classname="edu.wustl.dao.test.HibernateTestCase" name="testRetriveInCondition" time="0.016" />
  <testcase classname="edu.wustl.dao.test.HibernateTestCase" name="testRetriveIsNotNullCondition" time="0.015" />
  <testcase classname="edu.wustl.dao.test.HibernateTestCase" name="testRetriveIsNullCondition" time="0.0" />
  <testcase classname="edu.wustl.dao.test.HibernateTestCase" name="testCaseExecuteQuery" time="0.016" />
  <testcase classname="edu.wustl.dao.test.HibernateTestCase" name="testDisableRelatedObjects" time="0.031" />
  <testcase classname="edu.wustl.dao.test.HibernateTestCase" name="testCaseDeleteObject" time="0.063">
    <failure message="Failed while deleting object :" type="junit.framework.AssertionFailedError">junit.framework.AssertionFailedError: Failed while deleting object :
	at edu.wustl.dao.test.HibernateTestCase.testCaseDeleteObject(Unknown Source)
	at org.eclipse.ant.internal.ui.antsupport.EclipseDefaultExecutor.executeTargets(EclipseDefaultExecutor.java:32)
	at org.eclipse.ant.internal.ui.antsupport.InternalAntRunner.run(InternalAntRunner.java:423)
	at org.eclipse.ant.internal.ui.antsupport.InternalAntRunner.main(InternalAntRunner.java:137)
</failure>
  </testcase>
  <testcase classname="edu.wustl.dao.test.HibernateTestCase" name="testDAOInstance" time="0.0" />
  <system-out><![CDATA[WARN   buildCache, Could not find configuration [test.User]; using defaults.
ERROR  doExecuteBatch, Exception executing batch: 
org.hibernate.StaleStateException: Batch update returned unexpected row count from update: 0 actual row count: 0 expected: 1
	at org.hibernate.jdbc.BatchingBatcher.checkRowCount(BatchingBatcher.java:93)
	at org.hibernate.jdbc.BatchingBatcher.checkRowCounts(BatchingBatcher.java:79)
	at org.hibernate.jdbc.BatchingBatcher.doExecuteBatch(BatchingBatcher.java:58)
	at org.hibernate.jdbc.AbstractBatcher.executeBatch(AbstractBatcher.java:195)
	at org.hibernate.engine.ActionQueue.executeActions(ActionQueue.java:235)
	at org.hibernate.engine.ActionQueue.executeActions(ActionQueue.java:144)
	at org.hibernate.event.def.AbstractFlushingEventListener.performExecutions(AbstractFlushingEventListener.java:297)
	at org.hibernate.event.def.DefaultFlushEventListener.onFlush(DefaultFlushEventListener.java:27)
	at org.hibernate.impl.SessionImpl.flush(SessionImpl.java:985)
	at org.hibernate.impl.SessionImpl.managedFlush(SessionImpl.java:333)
	at org.hibernate.transaction.JDBCTransaction.commit(JDBCTransaction.java:106)
	at edu.wustl.dao.HibernateDAOImpl.commit(HibernateDAOImpl.java:144)
	at edu.wustl.dao.test.HibernateTestCase.testCaseDeleteObject(Unknown Source)
	at sun.reflect.NativeMethodAccessorImpl.invoke0(Native Method)
	at sun.reflect.NativeMethodAccessorImpl.invoke(NativeMethodAccessorImpl.java:39)
	at sun.reflect.DelegatingMethodAccessorImpl.invoke(DelegatingMethodAccessorImpl.java:25)
	at java.lang.reflect.Method.invoke(Method.java:585)
	at junit.framework.TestCase.runTest(TestCase.java:154)
	at junit.framework.TestCase.runBare(TestCase.java:127)
	at junit.framework.TestResult$1.protect(TestResult.java:106)
	at junit.framework.TestResult.runProtected(TestResult.java:124)
	at junit.framework.TestResult.run(TestResult.java:109)
	at junit.framework.TestCase.run(TestCase.java:118)
	at junit.framework.TestSuite.runTest(TestSuite.java:208)
	at junit.framework.TestSuite.run(TestSuite.java:203)
	at junit.framework.TestSuite.runTest(TestSuite.java:208)
	at junit.framework.TestSuite.run(TestSuite.java:203)
	at org.apache.tools.ant.taskdefs.optional.junit.JUnitTestRunner.run(JUnitTestRunner.java:297)
	at org.apache.tools.ant.taskdefs.optional.junit.JUnitTask.executeInVM(JUnitTask.java:1072)
	at org.apache.tools.ant.taskdefs.optional.junit.JUnitTask.execute(JUnitTask.java:682)
	at org.apache.tools.ant.taskdefs.optional.junit.JUnitTask.executeOrQueue(JUnitTask.java:1434)
	at org.apache.tools.ant.taskdefs.optional.junit.JUnitTask.execute(JUnitTask.java:632)
	at org.apache.tools.ant.UnknownElement.execute(UnknownElement.java:288)
	at sun.reflect.GeneratedMethodAccessor1.invoke(Unknown Source)
	at sun.reflect.DelegatingMethodAccessorImpl.invoke(DelegatingMethodAccessorImpl.java:25)
	at java.lang.reflect.Method.invoke(Method.java:585)
	at org.apache.tools.ant.dispatch.DispatchUtils.execute(DispatchUtils.java:105)
	at org.apache.tools.ant.Task.perform(Task.java:348)
	at org.apache.tools.ant.Target.execute(Target.java:357)
	at org.apache.tools.ant.Target.performTasks(Target.java:385)
	at org.apache.tools.ant.Project.executeSortedTargets(Project.java:1329)
	at org.apache.tools.ant.Project.executeTarget(Project.java:1298)
	at org.apache.tools.ant.helper.DefaultExecutor.executeTargets(DefaultExecutor.java:41)
	at org.eclipse.ant.internal.ui.antsupport.EclipseDefaultExecutor.executeTargets(EclipseDefaultExecutor.java:32)
	at org.apache.tools.ant.Project.executeTargets(Project.java:1181)
	at org.eclipse.ant.internal.ui.antsupport.InternalAntRunner.run(InternalAntRunner.java:423)
	at org.eclipse.ant.internal.ui.antsupport.InternalAntRunner.main(InternalAntRunner.java:137)
ERROR  performExecutions, Could not synchronize database state with session
org.hibernate.StaleStateException: Batch update returned unexpected row count from update: 0 actual row count: 0 expected: 1
	at org.hibernate.jdbc.BatchingBatcher.checkRowCount(BatchingBatcher.java:93)
	at org.hibernate.jdbc.BatchingBatcher.checkRowCounts(BatchingBatcher.java:79)
	at org.hibernate.jdbc.BatchingBatcher.doExecuteBatch(BatchingBatcher.java:58)
	at org.hibernate.jdbc.AbstractBatcher.executeBatch(AbstractBatcher.java:195)
	at org.hibernate.engine.ActionQueue.executeActions(ActionQueue.java:235)
	at org.hibernate.engine.ActionQueue.executeActions(ActionQueue.java:144)
	at org.hibernate.event.def.AbstractFlushingEventListener.performExecutions(AbstractFlushingEventListener.java:297)
	at org.hibernate.event.def.DefaultFlushEventListener.onFlush(DefaultFlushEventListener.java:27)
	at org.hibernate.impl.SessionImpl.flush(SessionImpl.java:985)
	at org.hibernate.impl.SessionImpl.managedFlush(SessionImpl.java:333)
	at org.hibernate.transaction.JDBCTransaction.commit(JDBCTransaction.java:106)
	at edu.wustl.dao.HibernateDAOImpl.commit(HibernateDAOImpl.java:144)
	at edu.wustl.dao.test.HibernateTestCase.testCaseDeleteObject(Unknown Source)
	at sun.reflect.NativeMethodAccessorImpl.invoke0(Native Method)
	at sun.reflect.NativeMethodAccessorImpl.invoke(NativeMethodAccessorImpl.java:39)
	at sun.reflect.DelegatingMethodAccessorImpl.invoke(DelegatingMethodAccessorImpl.java:25)
	at java.lang.reflect.Method.invoke(Method.java:585)
	at junit.framework.TestCase.runTest(TestCase.java:154)
	at junit.framework.TestCase.runBare(TestCase.java:127)
	at junit.framework.TestResult$1.protect(TestResult.java:106)
	at junit.framework.TestResult.runProtected(TestResult.java:124)
	at junit.framework.TestResult.run(TestResult.java:109)
	at junit.framework.TestCase.run(TestCase.java:118)
	at junit.framework.TestSuite.runTest(TestSuite.java:208)
	at junit.framework.TestSuite.run(TestSuite.java:203)
	at junit.framework.TestSuite.runTest(TestSuite.java:208)
	at junit.framework.TestSuite.run(TestSuite.java:203)
	at org.apache.tools.ant.taskdefs.optional.junit.JUnitTestRunner.run(JUnitTestRunner.java:297)
	at org.apache.tools.ant.taskdefs.optional.junit.JUnitTask.executeInVM(JUnitTask.java:1072)
	at org.apache.tools.ant.taskdefs.optional.junit.JUnitTask.execute(JUnitTask.java:682)
	at org.apache.tools.ant.taskdefs.optional.junit.JUnitTask.executeOrQueue(JUnitTask.java:1434)
	at org.apache.tools.ant.taskdefs.optional.junit.JUnitTask.execute(JUnitTask.java:632)
	at org.apache.tools.ant.UnknownElement.execute(UnknownElement.java:288)
	at sun.reflect.GeneratedMethodAccessor1.invoke(Unknown Source)
	at sun.reflect.DelegatingMethodAccessorImpl.invoke(DelegatingMethodAccessorImpl.java:25)
	at java.lang.reflect.Method.invoke(Method.java:585)
	at org.apache.tools.ant.dispatch.DispatchUtils.execute(DispatchUtils.java:105)
	at org.apache.tools.ant.Task.perform(Task.java:348)
	at org.apache.tools.ant.Target.execute(Target.java:357)
	at org.apache.tools.ant.Target.performTasks(Target.java:385)
	at org.apache.tools.ant.Project.executeSortedTargets(Project.java:1329)
	at org.apache.tools.ant.Project.executeTarget(Project.java:1298)
	at org.apache.tools.ant.helper.DefaultExecutor.executeTargets(DefaultExecutor.java:41)
	at org.eclipse.ant.internal.ui.antsupport.EclipseDefaultExecutor.executeTargets(EclipseDefaultExecutor.java:32)
	at org.apache.tools.ant.Project.executeTargets(Project.java:1181)
	at org.eclipse.ant.internal.ui.antsupport.InternalAntRunner.run(InternalAntRunner.java:423)
	at org.eclipse.ant.internal.ui.antsupport.InternalAntRunner.main(InternalAntRunner.java:137)
ERROR  commit, Batch update returned unexpected row count from update: 0 actual row count: 0 expected: 1
org.hibernate.StaleStateException: Batch update returned unexpected row count from update: 0 actual row count: 0 expected: 1
	at org.hibernate.jdbc.BatchingBatcher.checkRowCount(BatchingBatcher.java:93)
	at org.hibernate.jdbc.BatchingBatcher.checkRowCounts(BatchingBatcher.java:79)
	at org.hibernate.jdbc.BatchingBatcher.doExecuteBatch(BatchingBatcher.java:58)
	at org.hibernate.jdbc.AbstractBatcher.executeBatch(AbstractBatcher.java:195)
	at org.hibernate.engine.ActionQueue.executeActions(ActionQueue.java:235)
	at org.hibernate.engine.ActionQueue.executeActions(ActionQueue.java:144)
	at org.hibernate.event.def.AbstractFlushingEventListener.performExecutions(AbstractFlushingEventListener.java:297)
	at org.hibernate.event.def.DefaultFlushEventListener.onFlush(DefaultFlushEventListener.java:27)
	at org.hibernate.impl.SessionImpl.flush(SessionImpl.java:985)
	at org.hibernate.impl.SessionImpl.managedFlush(SessionImpl.java:333)
	at org.hibernate.transaction.JDBCTransaction.commit(JDBCTransaction.java:106)
	at edu.wustl.dao.HibernateDAOImpl.commit(HibernateDAOImpl.java:144)
	at edu.wustl.dao.test.HibernateTestCase.testCaseDeleteObject(Unknown Source)
	at sun.reflect.NativeMethodAccessorImpl.invoke0(Native Method)
	at sun.reflect.NativeMethodAccessorImpl.invoke(NativeMethodAccessorImpl.java:39)
	at sun.reflect.DelegatingMethodAccessorImpl.invoke(DelegatingMethodAccessorImpl.java:25)
	at java.lang.reflect.Method.invoke(Method.java:585)
	at junit.framework.TestCase.runTest(TestCase.java:154)
	at junit.framework.TestCase.runBare(TestCase.java:127)
	at junit.framework.TestResult$1.protect(TestResult.java:106)
	at junit.framework.TestResult.runProtected(TestResult.java:124)
	at junit.framework.TestResult.run(TestResult.java:109)
	at junit.framework.TestCase.run(TestCase.java:118)
	at junit.framework.TestSuite.runTest(TestSuite.java:208)
	at junit.framework.TestSuite.run(TestSuite.java:203)
	at junit.framework.TestSuite.runTest(TestSuite.java:208)
	at junit.framework.TestSuite.run(TestSuite.java:203)
	at org.apache.tools.ant.taskdefs.optional.junit.JUnitTestRunner.run(JUnitTestRunner.java:297)
	at org.apache.tools.ant.taskdefs.optional.junit.JUnitTask.executeInVM(JUnitTask.java:1072)
	at org.apache.tools.ant.taskdefs.optional.junit.JUnitTask.execute(JUnitTask.java:682)
	at org.apache.tools.ant.taskdefs.optional.junit.JUnitTask.executeOrQueue(JUnitTask.java:1434)
	at org.apache.tools.ant.taskdefs.optional.junit.JUnitTask.execute(JUnitTask.java:632)
	at org.apache.tools.ant.UnknownElement.execute(UnknownElement.java:288)
	at sun.reflect.GeneratedMethodAccessor1.invoke(Unknown Source)
	at sun.reflect.DelegatingMethodAccessorImpl.invoke(DelegatingMethodAccessorImpl.java:25)
	at java.lang.reflect.Method.invoke(Method.java:585)
	at org.apache.tools.ant.dispatch.DispatchUtils.execute(DispatchUtils.java:105)
	at org.apache.tools.ant.Task.perform(Task.java:348)
	at org.apache.tools.ant.Target.execute(Target.java:357)
	at org.apache.tools.ant.Target.performTasks(Target.java:385)
	at org.apache.tools.ant.Project.executeSortedTargets(Project.java:1329)
	at org.apache.tools.ant.Project.executeTarget(Project.java:1298)
	at org.apache.tools.ant.helper.DefaultExecutor.executeTargets(DefaultExecutor.java:41)
	at org.eclipse.ant.internal.ui.antsupport.EclipseDefaultExecutor.executeTargets(EclipseDefaultExecutor.java:32)
	at org.apache.tools.ant.Project.executeTargets(Project.java:1181)
	at org.eclipse.ant.internal.ui.antsupport.InternalAntRunner.run(InternalAntRunner.java:423)
	at org.eclipse.ant.internal.ui.antsupport.InternalAntRunner.main(InternalAntRunner.java:137)
ERROR  handleError, Batch update returned unexpected row count from update: 0 actual row count: 0 expected: 1
org.hibernate.StaleStateException: Batch update returned unexpected row count from update: 0 actual row count: 0 expected: 1
	at org.hibernate.jdbc.BatchingBatcher.checkRowCount(BatchingBatcher.java:93)
	at org.hibernate.jdbc.BatchingBatcher.checkRowCounts(BatchingBatcher.java:79)
	at org.hibernate.jdbc.BatchingBatcher.doExecuteBatch(BatchingBatcher.java:58)
	at org.hibernate.jdbc.AbstractBatcher.executeBatch(AbstractBatcher.java:195)
	at org.hibernate.engine.ActionQueue.executeActions(ActionQueue.java:235)
	at org.hibernate.engine.ActionQueue.executeActions(ActionQueue.java:144)
	at org.hibernate.event.def.AbstractFlushingEventListener.performExecutions(AbstractFlushingEventListener.java:297)
	at org.hibernate.event.def.DefaultFlushEventListener.onFlush(DefaultFlushEventListener.java:27)
	at org.hibernate.impl.SessionImpl.flush(SessionImpl.java:985)
	at org.hibernate.impl.SessionImpl.managedFlush(SessionImpl.java:333)
	at org.hibernate.transaction.JDBCTransaction.commit(JDBCTransaction.java:106)
	at edu.wustl.dao.HibernateDAOImpl.commit(HibernateDAOImpl.java:144)
	at edu.wustl.dao.test.HibernateTestCase.testCaseDeleteObject(Unknown Source)
	at sun.reflect.NativeMethodAccessorImpl.invoke0(Native Method)
	at sun.reflect.NativeMethodAccessorImpl.invoke(NativeMethodAccessorImpl.java:39)
	at sun.reflect.DelegatingMethodAccessorImpl.invoke(DelegatingMethodAccessorImpl.java:25)
	at java.lang.reflect.Method.invoke(Method.java:585)
	at junit.framework.TestCase.runTest(TestCase.java:154)
	at junit.framework.TestCase.runBare(TestCase.java:127)
	at junit.framework.TestResult$1.protect(TestResult.java:106)
	at junit.framework.TestResult.runProtected(TestResult.java:124)
	at junit.framework.TestResult.run(TestResult.java:109)
	at junit.framework.TestCase.run(TestCase.java:118)
	at junit.framework.TestSuite.runTest(TestSuite.java:208)
	at junit.framework.TestSuite.run(TestSuite.java:203)
	at junit.framework.TestSuite.runTest(TestSuite.java:208)
	at junit.framework.TestSuite.run(TestSuite.java:203)
	at org.apache.tools.ant.taskdefs.optional.junit.JUnitTestRunner.run(JUnitTestRunner.java:297)
	at org.apache.tools.ant.taskdefs.optional.junit.JUnitTask.executeInVM(JUnitTask.java:1072)
	at org.apache.tools.ant.taskdefs.optional.junit.JUnitTask.execute(JUnitTask.java:682)
	at org.apache.tools.ant.taskdefs.optional.junit.JUnitTask.executeOrQueue(JUnitTask.java:1434)
	at org.apache.tools.ant.taskdefs.optional.junit.JUnitTask.execute(JUnitTask.java:632)
	at org.apache.tools.ant.UnknownElement.execute(UnknownElement.java:288)
	at sun.reflect.GeneratedMethodAccessor1.invoke(Unknown Source)
	at sun.reflect.DelegatingMethodAccessorImpl.invoke(DelegatingMethodAccessorImpl.java:25)
	at java.lang.reflect.Method.invoke(Method.java:585)
	at org.apache.tools.ant.dispatch.DispatchUtils.execute(DispatchUtils.java:105)
	at org.apache.tools.ant.Task.perform(Task.java:348)
	at org.apache.tools.ant.Target.execute(Target.java:357)
	at org.apache.tools.ant.Target.performTasks(Target.java:385)
	at org.apache.tools.ant.Project.executeSortedTargets(Project.java:1329)
	at org.apache.tools.ant.Project.executeTarget(Project.java:1298)
	at org.apache.tools.ant.helper.DefaultExecutor.executeTargets(DefaultExecutor.java:41)
	at org.eclipse.ant.internal.ui.antsupport.EclipseDefaultExecutor.executeTargets(EclipseDefaultExecutor.java:32)
	at org.apache.tools.ant.Project.executeTargets(Project.java:1181)
	at org.eclipse.ant.internal.ui.antsupport.InternalAntRunner.run(InternalAntRunner.java:423)
	at org.eclipse.ant.internal.ui.antsupport.InternalAntRunner.main(InternalAntRunner.java:137)
]]></system-out>
  <system-err><![CDATA[]]></system-err>
</testsuite>
